0 info it worked if it ends with ok
1 verbose cli [ '/usr/local/bin/node', '/usr/local/bin/npm', 'run', 'dev' ]
2 info using npm@5.5.1
3 info using node@v9.0.0
4 verbose config Skipping project config: /usr/src/app/.npmrc. (matches userconfig)
5 verbose run-script [ 'predev', 'dev', 'postdev' ]
6 info lifecycle react-starter-3-app@0.1.0~predev: react-starter-3-app@0.1.0
7 verbose lifecycle react-starter-3-app@0.1.0~predev: unsafe-perm in lifecycle true
8 verbose lifecycle react-starter-3-app@0.1.0~predev: PATH: /usr/local/lib/node_modules/npm/bin/node-gyp-bin:/usr/src/app/node_modules/.bin:/usr/local/sbin:/usr/local/bin:/usr/sbin:/usr/bin:/sbin:/bin
9 verbose lifecycle react-starter-3-app@0.1.0~predev: CWD: /usr/src/app
10 silly lifecycle react-starter-3-app@0.1.0~predev: Args: [ '-c', 'npm run clean-www' ]
11 silly lifecycle react-starter-3-app@0.1.0~predev: Returned: code: 0  signal: null
12 info lifecycle react-starter-3-app@0.1.0~dev: react-starter-3-app@0.1.0
13 verbose lifecycle react-starter-3-app@0.1.0~dev: unsafe-perm in lifecycle true
14 verbose lifecycle react-starter-3-app@0.1.0~dev: PATH: /usr/local/lib/node_modules/npm/bin/node-gyp-bin:/usr/src/app/node_modules/.bin:/usr/local/sbin:/usr/local/bin:/usr/sbin:/usr/bin:/sbin:/bin
15 verbose lifecycle react-starter-3-app@0.1.0~dev: CWD: /usr/src/app
16 silly lifecycle react-starter-3-app@0.1.0~dev: Args: [ '-c',
16 silly lifecycle   'webpack-dev-server --hot --env.dev --history-api-fallback --host=0.0.0.0 --port 3000 --content-base front/www/' ]
17 silly lifecycle react-starter-3-app@0.1.0~dev: Returned: code: 1  signal: null
18 info lifecycle react-starter-3-app@0.1.0~dev: Failed to exec dev script
19 verbose stack Error: react-starter-3-app@0.1.0 dev: `webpack-dev-server --hot --env.dev --history-api-fallback --host=0.0.0.0 --port 3000 --content-base front/www/`
19 verbose stack Exit status 1
19 verbose stack     at EventEmitter.<anonymous> (/usr/local/lib/node_modules/npm/node_modules/npm-lifecycle/index.js:280:16)
19 verbose stack     at emitTwo (events.js:135:13)
19 verbose stack     at EventEmitter.emit (events.js:224:7)
19 verbose stack     at ChildProcess.<anonymous> (/usr/local/lib/node_modules/npm/node_modules/npm-lifecycle/lib/spawn.js:55:14)
19 verbose stack     at emitTwo (events.js:135:13)
19 verbose stack     at ChildProcess.emit (events.js:224:7)
19 verbose stack     at maybeClose (internal/child_process.js:943:16)
19 verbose stack     at Process.ChildProcess._handle.onexit (internal/child_process.js:220:5)
20 verbose pkgid react-starter-3-app@0.1.0
21 verbose cwd /usr/src/app
22 verbose Linux 4.9.49-moby
23 verbose argv "/usr/local/bin/node" "/usr/local/bin/npm" "run" "dev"
24 verbose node v9.0.0
25 verbose npm  v5.5.1
26 error code ELIFECYCLE
27 error errno 1
28 error react-starter-3-app@0.1.0 dev: `webpack-dev-server --hot --env.dev --history-api-fallback --host=0.0.0.0 --port 3000 --content-base front/www/`
28 error Exit status 1
29 error Failed at the react-starter-3-app@0.1.0 dev script.
29 error This is probably not a problem with npm. There is likely additional logging output above.
30 verbose exit [ 1, true ]
